2025-08-25 11:22:01,611 - __main__ - INFO - ============================================================
2025-08-25 11:22:01,612 - __main__ - INFO - 🚀 OKX-Kronos集成系统启动
2025-08-25 11:22:01,612 - __main__ - INFO - ============================================================
2025-08-25 11:22:01,612 - __main__ - INFO - ✅ Kronos模型已下载完成
2025-08-25 11:22:01,612 - __main__ - ERROR - ❌ 连接测试失败: Client.__init__() got an unexpected keyword argument 'api_key'
2025-08-25 11:22:01,612 - __main__ - INFO - ============================================================
2025-08-25 11:22:01,612 - __main__ - INFO - 📋 系统检查结果:
2025-08-25 11:22:01,612 - __main__ - INFO -    模型状态: ✅ 正常
2025-08-25 11:22:01,612 - __main__ - INFO -    OKX连接: ❌ 连接失败
2025-08-25 11:22:01,612 - __main__ - ERROR - 💥 系统初始化失败，请检查配置和网络
2025-08-25 11:22:01,612 - __main__ - INFO - 💡 请检查OKX API配置是否正确
2025-08-25 11:22:25,459 - __main__ - INFO - ============================================================
2025-08-25 11:22:25,459 - __main__ - INFO - 🚀 OKX-Kronos集成系统启动
2025-08-25 11:22:25,459 - __main__ - INFO - ============================================================
2025-08-25 11:22:25,459 - __main__ - INFO - ✅ Kronos模型已下载完成
2025-08-25 11:22:26,000 - src.data.okx_fetcher - INFO - ✅ OKX API连接成功
2025-08-25 11:22:26,000 - __main__ - INFO - 正在测试历史数据获取...
2025-08-25 11:22:26,470 - __main__ - INFO - ✅ 数据获取成功！获取到 10 条数据
2025-08-25 11:22:26,471 - __main__ - INFO - 📊 最新价格: $113,443.80
2025-08-25 11:22:26,472 - __main__ - INFO - 📈 最高价格: $113,611.20
2025-08-25 11:22:26,472 - __main__ - INFO - 📉 最低价格: $113,250.00
2025-08-25 11:22:26,472 - __main__ - INFO - ⏰ 数据时间范围: 2025-08-25 02:35:00 到 2025-08-25 03:20:00
2025-08-25 11:22:26,472 - __main__ - INFO - ============================================================
2025-08-25 11:22:26,472 - __main__ - INFO - 📋 系统检查结果:
2025-08-25 11:22:26,472 - __main__ - INFO -    模型状态: ✅ 正常
2025-08-25 11:22:26,472 - __main__ - INFO -    OKX连接: ✅ 正常
2025-08-25 11:22:26,473 - __main__ - INFO - 🎉 系统初始化成功！准备好进行下一步开发
2025-08-25 11:22:26,473 - __main__ - INFO - 💡 下一步将添加Kronos预测功能...
2025-08-25 11:22:26,473 - __main__ - INFO - 按 Ctrl+C 退出程序
2025-08-25 11:23:01,035 - __main__ - INFO - 👋 系统正在关闭...
2025-08-25 11:24:14,864 - __main__ - INFO - ============================================================
2025-08-25 11:24:14,864 - __main__ - INFO - 🚀 OKX-Kronos集成系统启动
2025-08-25 11:24:14,864 - __main__ - INFO - ============================================================
2025-08-25 11:24:14,864 - __main__ - INFO - ✅ Kronos模型已下载完成
2025-08-25 11:24:16,662 - src.data.okx_fetcher - INFO - ✅ OKX API连接成功
2025-08-25 11:24:16,662 - __main__ - INFO - 正在测试历史数据获取...
2025-08-25 11:24:17,271 - __main__ - INFO - ✅ 数据获取成功！获取到 10 条数据
2025-08-25 11:24:17,271 - __main__ - INFO - 📊 最新价格: $113,340.10
2025-08-25 11:24:17,271 - __main__ - INFO - 📈 最高价格: $113,611.20
2025-08-25 11:24:17,271 - __main__ - INFO - 📉 最低价格: $113,250.00
2025-08-25 11:24:17,272 - __main__ - INFO - ⏰ 数据时间范围: 2025-08-25 10:35:00+08:00 到 2025-08-25 11:20:00+08:00
2025-08-25 11:24:17,272 - __main__ - INFO - ============================================================
2025-08-25 11:24:17,272 - __main__ - INFO - 📋 系统检查结果:
2025-08-25 11:24:17,272 - __main__ - INFO -    模型状态: ✅ 正常
2025-08-25 11:24:17,272 - __main__ - INFO -    OKX连接: ✅ 正常
2025-08-25 11:24:17,272 - __main__ - INFO - 🎉 系统初始化成功！准备好进行下一步开发
2025-08-25 11:24:17,272 - __main__ - INFO - 💡 下一步将添加Kronos预测功能...
2025-08-25 11:24:17,272 - __main__ - INFO - 按 Ctrl+C 退出程序
2025-08-25 11:24:49,405 - __main__ - INFO - 👋 系统正在关闭...
2025-08-25 11:25:07,258 - __main__ - INFO - ============================================================
2025-08-25 11:25:07,258 - __main__ - INFO - 🚀 OKX-Kronos集成系统启动
2025-08-25 11:25:07,258 - __main__ - INFO - ============================================================
2025-08-25 11:25:07,258 - __main__ - INFO - ✅ Kronos模型已下载完成
2025-08-25 11:25:07,690 - src.data.okx_fetcher - INFO - ✅ OKX API连接成功
2025-08-25 11:25:07,690 - __main__ - INFO - 正在测试历史数据获取...
2025-08-25 11:25:08,734 - __main__ - INFO - ✅ 数据获取成功！获取到 10 条数据
2025-08-25 11:25:08,735 - __main__ - INFO - 📊 最新价格: $113,320.30
2025-08-25 11:25:08,735 - __main__ - INFO - 📈 最高价格: $113,611.20
2025-08-25 11:25:08,735 - __main__ - INFO - 📉 最低价格: $113,253.20
2025-08-25 11:25:08,736 - __main__ - INFO - ⏰ 数据时间范围: 2025-08-25 10:40:00 到 2025-08-25 11:25:00 (北京时间)
2025-08-25 11:25:08,736 - __main__ - INFO - ============================================================
2025-08-25 11:25:08,736 - __main__ - INFO - 📋 系统检查结果:
2025-08-25 11:25:08,736 - __main__ - INFO -    模型状态: ✅ 正常
2025-08-25 11:25:08,736 - __main__ - INFO -    OKX连接: ✅ 正常
2025-08-25 11:25:08,736 - __main__ - INFO - 🎉 系统初始化成功！准备好进行下一步开发
2025-08-25 11:25:08,736 - __main__ - INFO - 💡 下一步将添加Kronos预测功能...
2025-08-25 11:25:08,736 - __main__ - INFO - 按 Ctrl+C 退出程序
2025-08-25 11:25:43,493 - __main__ - INFO - 👋 系统正在关闭...
2025-08-25 11:31:37,564 - __main__ - INFO - ============================================================
2025-08-25 11:31:37,564 - __main__ - INFO - 🚀 OKX-Kronos集成系统启动
2025-08-25 11:31:37,564 - __main__ - INFO - ============================================================
2025-08-25 11:31:37,564 - __main__ - INFO - ✅ Kronos模型已下载完成
2025-08-25 11:31:38,065 - src.data.okx_fetcher - INFO - ✅ OKX API连接成功
2025-08-25 11:31:38,065 - __main__ - INFO - 正在测试历史数据获取...
2025-08-25 11:31:38,515 - __main__ - INFO - ✅ 数据获取成功！获取到 10 条数据
2025-08-25 11:31:38,515 - __main__ - INFO - 📊 最新价格: $113,324.00
2025-08-25 11:31:38,515 - __main__ - INFO - 📈 最高价格: $113,611.20
2025-08-25 11:31:38,515 - __main__ - INFO - 📉 最低价格: $113,252.80
2025-08-25 11:31:38,516 - __main__ - INFO - ⏰ 数据时间范围: 2025-08-25 10:45:00 到 2025-08-25 11:30:00 (北京时间)
2025-08-25 11:31:38,516 - __main__ - INFO - ============================================================
2025-08-25 11:31:38,516 - __main__ - INFO - 📋 系统检查结果:
2025-08-25 11:31:38,516 - __main__ - INFO -    模型状态: ✅ 正常
2025-08-25 11:31:38,516 - __main__ - INFO -    OKX连接: ✅ 正常
2025-08-25 11:31:38,516 - __main__ - INFO - 🎉 系统初始化成功！开始运行Kronos预测演示
2025-08-25 11:31:38,517 - __main__ - INFO - 🔮 正在初始化Kronos预测服务...
2025-08-25 11:31:38,517 - src.models.kronos_model - INFO - 使用模型路径: /Users/littlecarp/PycharmProjects/OKX-Kronos/models/kronos-small
2025-08-25 11:31:38,517 - src.models.kronos_model - INFO - 使用tokenizer路径: /Users/littlecarp/PycharmProjects/OKX-Kronos/models/tokenizer
2025-08-25 11:31:38,517 - src.models.kronos_model - INFO - 正在加载Kronos模型...
2025-08-25 11:31:38,517 - src.models.kronos_model - INFO - ✅ Kronos模型加载成功
2025-08-25 11:31:38,517 - src.trading.prediction_service - INFO - ✅ 预测服务初始化完成
2025-08-25 11:31:38,517 - __main__ - INFO - 📊 开始进行BTC-USDT永续合约预测...
2025-08-25 11:31:38,517 - src.trading.prediction_service - INFO - 开始获取预测，回看12小时，预测3小时
2025-08-25 11:31:38,975 - src.trading.prediction_service - INFO - 获取到 144 条历史数据
2025-08-25 11:31:38,979 - src.models.kronos_model - INFO - 开始进行Kronos预测，预测长度: 36
2025-08-25 11:31:38,983 - src.models.kronos_model - WARNING - ⚠️ 使用模拟预测，请集成真正的Kronos模型
2025-08-25 11:31:38,986 - src.models.kronos_model - INFO - ✅ Kronos预测完成
2025-08-25 11:31:38,986 - src.trading.prediction_service - INFO - ✅ 预测完成
2025-08-25 11:31:38,987 - __main__ - INFO - 📈 生成预测图表...
2025-08-25 11:31:39,498 - src.trading.prediction_service - INFO - 预测图表已保存到: ./logs/prediction_chart.png
2025-08-25 11:40:04,629 - __main__ - INFO - ============================================================
2025-08-25 11:40:04,630 - __main__ - INFO - 🚀 OKX-Kronos集成系统启动
2025-08-25 11:40:04,630 - __main__ - INFO - ============================================================
2025-08-25 11:40:04,630 - __main__ - INFO - ✅ Kronos模型已下载完成
2025-08-25 11:40:06,911 - src.data.okx_fetcher - INFO - ✅ OKX API连接成功
2025-08-25 11:40:06,911 - __main__ - INFO - 正在测试历史数据获取...
2025-08-25 11:40:08,075 - __main__ - INFO - ✅ 数据获取成功！获取到 10 条数据
2025-08-25 11:40:08,076 - __main__ - INFO - 📊 最新价格: $113,339.40
2025-08-25 11:40:08,076 - __main__ - INFO - 📈 最高价格: $113,611.20
2025-08-25 11:40:08,076 - __main__ - INFO - 📉 最低价格: $113,228.40
2025-08-25 11:40:08,077 - __main__ - INFO - ⏰ 数据时间范围: 2025-08-25 10:55:00 到 2025-08-25 11:40:00 (北京时间)
2025-08-25 11:40:08,077 - __main__ - INFO - ============================================================
2025-08-25 11:40:08,077 - __main__ - INFO - 📋 系统检查结果:
2025-08-25 11:40:08,077 - __main__ - INFO -    模型状态: ✅ 正常
2025-08-25 11:40:08,077 - __main__ - INFO -    OKX连接: ✅ 正常
2025-08-25 11:40:08,077 - __main__ - INFO - 🎉 系统初始化成功！开始运行Kronos预测演示
2025-08-25 11:40:08,077 - __main__ - INFO - 🔮 正在初始化Kronos预测服务...
2025-08-25 11:40:08,077 - src.models.kronos_model - INFO - 使用模型路径: /Users/littlecarp/PycharmProjects/OKX-Kronos/models/kronos-small
2025-08-25 11:40:08,078 - src.models.kronos_model - INFO - 使用tokenizer路径: /Users/littlecarp/PycharmProjects/OKX-Kronos/models/tokenizer
2025-08-25 11:40:08,078 - src.models.kronos_model - INFO - 正在加载Kronos模型...
2025-08-25 11:40:08,078 - src.models.kronos_model - INFO - ✅ Kronos模型加载成功
2025-08-25 11:40:08,078 - src.trading.prediction_service - INFO - ✅ 预测服务初始化完成
2025-08-25 11:40:08,078 - __main__ - INFO - 📊 开始进行BTC-USDT永续合约预测...
2025-08-25 11:40:08,078 - src.trading.prediction_service - INFO - 开始获取预测，回看12小时，预测3小时
2025-08-25 11:40:08,705 - src.trading.prediction_service - INFO - 获取到 144 条历史数据
2025-08-25 11:40:08,708 - src.models.kronos_model - INFO - 开始进行Kronos预测，预测长度: 36
2025-08-25 11:40:08,711 - src.models.kronos_model - WARNING - ⚠️ 使用模拟预测，请集成真正的Kronos模型
2025-08-25 11:40:08,712 - src.models.kronos_model - INFO - ✅ Kronos预测完成
2025-08-25 11:40:08,712 - src.trading.prediction_service - INFO - ✅ 预测完成
2025-08-25 11:40:08,712 - __main__ - INFO - 📈 生成预测图表...
2025-08-25 11:40:09,086 - src.trading.prediction_service - INFO - 预测图表已保存到: ./logs/prediction_chart.png
2025-08-25 11:40:12,839 - __main__ - INFO - ✅ 预测演示完成！
2025-08-25 11:40:12,839 - __main__ - INFO - 💡 您可以查看生成的预测图表: ./logs/prediction_chart.png
2025-08-25 11:40:12,840 - __main__ - INFO - 按 Ctrl+C 退出程序
2025-08-25 11:41:17,533 - __main__ - INFO - ============================================================
2025-08-25 11:41:17,533 - __main__ - INFO - 🚀 OKX-Kronos集成系统启动
2025-08-25 11:41:17,533 - __main__ - INFO - ============================================================
2025-08-25 11:41:17,533 - __main__ - INFO - ✅ Kronos模型已下载完成
2025-08-25 11:41:18,020 - src.data.okx_fetcher - INFO - ✅ OKX API连接成功
2025-08-25 11:41:18,020 - __main__ - INFO - 正在测试历史数据获取...
2025-08-25 11:41:18,571 - __main__ - INFO - ✅ 数据获取成功！获取到 10 条数据
2025-08-25 11:41:18,571 - __main__ - INFO - 📊 最新价格: $113,314.70
2025-08-25 11:41:18,571 - __main__ - INFO - 📈 最高价格: $113,611.20
2025-08-25 11:41:18,572 - __main__ - INFO - 📉 最低价格: $113,228.40
2025-08-25 11:41:18,572 - __main__ - INFO - ⏰ 数据时间范围: 2025-08-25 10:55:00 到 2025-08-25 11:40:00 (北京时间)
2025-08-25 11:41:18,572 - __main__ - INFO - ============================================================
2025-08-25 11:41:18,572 - __main__ - INFO - 📋 系统检查结果:
2025-08-25 11:41:18,572 - __main__ - INFO -    模型状态: ✅ 正常
2025-08-25 11:41:18,572 - __main__ - INFO -    OKX连接: ✅ 正常
2025-08-25 11:41:18,572 - __main__ - INFO - 🎉 系统初始化成功！开始运行Kronos预测演示
2025-08-25 11:41:18,572 - __main__ - INFO - 🔮 正在初始化Kronos预测服务...
2025-08-25 11:41:18,572 - src.models.kronos_model - INFO - 使用模型路径: /Users/littlecarp/PycharmProjects/OKX-Kronos/models/kronos-small
2025-08-25 11:41:18,572 - src.models.kronos_model - INFO - 使用tokenizer路径: /Users/littlecarp/PycharmProjects/OKX-Kronos/models/tokenizer
2025-08-25 11:41:18,572 - src.models.kronos_model - INFO - 正在加载Kronos模型...
2025-08-25 11:41:18,572 - src.models.kronos_model - INFO - ✅ Kronos模型加载成功
2025-08-25 11:41:18,573 - src.trading.prediction_service - INFO - ✅ 预测服务初始化完成
2025-08-25 11:41:18,573 - __main__ - INFO - 📊 开始进行BTC-USDT永续合约预测...
2025-08-25 11:41:18,573 - src.trading.prediction_service - INFO - 开始获取预测，回看12小时，预测3小时
2025-08-25 11:41:19,034 - src.trading.prediction_service - INFO - 获取到 144 条历史数据
2025-08-25 11:41:19,035 - src.models.kronos_model - INFO - 开始进行Kronos预测，预测长度: 36
2025-08-25 11:41:19,039 - src.models.kronos_model - WARNING - ⚠️ 使用模拟预测，请集成真正的Kronos模型
2025-08-25 11:41:19,040 - src.models.kronos_model - INFO - ✅ Kronos预测完成
2025-08-25 11:41:19,040 - src.trading.prediction_service - INFO - ✅ 预测完成
2025-08-25 11:41:19,041 - __main__ - INFO - 📈 生成预测图表...
2025-08-25 11:41:19,597 - src.trading.prediction_service - INFO - 预测图表已保存到: ./logs/prediction_chart.png
2025-08-25 11:42:59,632 - __main__ - INFO - ✅ 预测演示完成！
2025-08-25 11:42:59,634 - __main__ - INFO - 💡 您可以查看生成的预测图表: ./logs/prediction_chart.png
2025-08-25 11:42:59,634 - __main__ - INFO - 按 Ctrl+C 退出程序
2025-08-25 11:47:57,125 - __main__ - INFO - ============================================================
2025-08-25 11:47:57,126 - __main__ - INFO - 🚀 OKX-Kronos集成系统启动
2025-08-25 11:47:57,126 - __main__ - INFO - ============================================================
2025-08-25 11:47:57,126 - __main__ - INFO - ✅ Kronos模型已下载完成
2025-08-25 11:47:57,640 - src.data.okx_fetcher - INFO - ✅ OKX API连接成功
2025-08-25 11:47:57,640 - __main__ - INFO - 正在测试历史数据获取...
2025-08-25 11:47:58,474 - __main__ - INFO - ✅ 数据获取成功！获取到 10 条数据
2025-08-25 11:47:58,474 - __main__ - INFO - 📊 最新价格: $113,300.10
2025-08-25 11:47:58,474 - __main__ - INFO - 📈 最高价格: $113,611.20
2025-08-25 11:47:58,474 - __main__ - INFO - 📉 最低价格: $113,228.40
2025-08-25 11:47:58,475 - __main__ - INFO - ⏰ 数据时间范围: 2025-08-25 11:00:00 到 2025-08-25 11:45:00 (北京时间)
2025-08-25 11:47:58,475 - __main__ - INFO - ============================================================
2025-08-25 11:47:58,475 - __main__ - INFO - 📋 系统检查结果:
2025-08-25 11:47:58,475 - __main__ - INFO -    模型状态: ✅ 正常
2025-08-25 11:47:58,475 - __main__ - INFO -    OKX连接: ✅ 正常
2025-08-25 11:47:58,475 - __main__ - INFO - 🎉 系统初始化成功！开始运行Kronos预测演示
2025-08-25 11:47:58,475 - __main__ - INFO - 🔮 正在初始化Kronos预测服务...
2025-08-25 11:47:58,475 - src.models.kronos_model - INFO - 使用模型路径: /Users/littlecarp/PycharmProjects/OKX-Kronos/models/kronos-small
2025-08-25 11:47:58,475 - src.models.kronos_model - INFO - 使用tokenizer路径: /Users/littlecarp/PycharmProjects/OKX-Kronos/models/tokenizer
2025-08-25 11:47:58,475 - src.models.kronos_model - INFO - 正在加载Kronos模型...
2025-08-25 11:47:58,989 - src.models.kronos_model - INFO - ✅ Kronos模型加载成功
2025-08-25 11:47:58,990 - src.trading.prediction_service - INFO - ✅ 预测服务初始化完成
2025-08-25 11:47:58,990 - __main__ - INFO - 📊 开始进行BTC-USDT永续合约预测...
2025-08-25 11:47:58,990 - src.trading.prediction_service - INFO - 开始获取预测，回看12小时，预测3小时
2025-08-25 11:47:59,441 - src.trading.prediction_service - INFO - 获取到 144 条历史数据
2025-08-25 11:47:59,442 - src.models.kronos_model - INFO - 开始进行Kronos预测，预测长度: 36
2025-08-25 11:48:01,648 - src.models.kronos_model - INFO - ✅ Kronos预测完成
2025-08-25 11:48:01,649 - src.trading.prediction_service - INFO - ✅ 预测完成
2025-08-25 11:48:01,649 - __main__ - INFO - 📈 生成预测图表...
2025-08-25 11:48:02,118 - src.trading.prediction_service - INFO - 预测图表已保存到: ./logs/prediction_chart.png
2025-08-25 13:23:54,076 - __main__ - INFO - ============================================================
2025-08-25 13:23:54,076 - __main__ - INFO - 🚀 OKX-Kronos集成系统启动
2025-08-25 13:23:54,076 - __main__ - INFO - ============================================================
2025-08-25 13:23:54,076 - __main__ - INFO - ✅ Kronos模型已下载完成
2025-08-25 13:23:54,600 - src.data.okx_fetcher - INFO - ✅ OKX API连接成功
2025-08-25 13:23:54,600 - __main__ - INFO - 正在测试历史数据获取...
2025-08-25 13:23:55,249 - __main__ - INFO - ✅ 数据获取成功！获取到 10 条数据
2025-08-25 13:23:55,249 - __main__ - INFO - 📊 最新价格: $112,530.10
2025-08-25 13:23:55,249 - __main__ - INFO - 📈 最高价格: $112,836.40
2025-08-25 13:23:55,249 - __main__ - INFO - 📉 最低价格: $112,510.00
2025-08-25 13:23:55,250 - __main__ - INFO - ⏰ 数据时间范围: 2025-08-25 12:35:00 到 2025-08-25 13:20:00 (北京时间)
2025-08-25 13:23:55,250 - __main__ - INFO - ============================================================
2025-08-25 13:23:55,250 - __main__ - INFO - 📋 系统检查结果:
2025-08-25 13:23:55,250 - __main__ - INFO -    模型状态: ✅ 正常
2025-08-25 13:23:55,250 - __main__ - INFO -    OKX连接: ✅ 正常
2025-08-25 13:23:55,250 - __main__ - INFO - 🎉 系统初始化成功！开始运行Kronos预测演示
2025-08-25 13:23:55,250 - __main__ - INFO - 🔮 正在初始化Kronos预测服务...
2025-08-25 13:23:55,250 - src.models.kronos_model - INFO - 使用模型路径: /Users/littlecarp/PycharmProjects/OKX-Kronos/models/kronos-small
2025-08-25 13:23:55,250 - src.models.kronos_model - INFO - 使用tokenizer路径: /Users/littlecarp/PycharmProjects/OKX-Kronos/models/tokenizer
2025-08-25 13:23:55,250 - src.models.kronos_model - INFO - 正在加载Kronos模型...
2025-08-25 13:23:55,771 - src.models.kronos_model - INFO - ✅ Kronos模型加载成功
2025-08-25 13:23:55,771 - src.trading.prediction_service - INFO - ✅ 预测服务初始化完成
2025-08-25 13:23:55,771 - __main__ - INFO - 📊 开始进行BTC-USDT永续合约预测...
2025-08-25 13:23:55,771 - src.trading.prediction_service - INFO - 开始获取预测，回看12小时，预测3小时
2025-08-25 13:23:56,242 - src.trading.prediction_service - INFO - 获取到 144 条历史数据
2025-08-25 13:23:56,245 - src.models.kronos_model - INFO - 开始进行Kronos预测，预测长度: 36
2025-08-25 13:23:58,452 - src.models.kronos_model - INFO - ✅ Kronos预测完成
2025-08-25 13:23:58,453 - src.trading.prediction_service - INFO - ✅ 预测完成
2025-08-25 13:23:58,453 - __main__ - INFO - 📈 生成预测图表...
2025-08-25 13:23:58,940 - src.trading.prediction_service - INFO - 预测图表已保存到: ./logs/prediction_chart.png
